<?xml version="1.0" encoding="UTF-8" ?>
<testsuite failures="0" time="0.039" errors="0" skipped="0" tests="1" name="br.nom.pedro.oliveira.smartproject.AppTest">
  <properties>
    <property name="java.vendor" value="Sun Microsystems Inc."/>
    <property name="env.SESSION_MANAGER" value="local/pedrot-ubuntu:@/tmp/.ICE-unix/1526,unix/pedrot-ubuntu:/tmp/.ICE-unix/1526"/>
    <property name="localRepository" value="/home/pedrot/.m2/repository"/>
    <property name="sun.java.launcher" value="SUN_STANDARD"/>
    <property name="sun.management.compiler" value="HotSpot Client Compiler"/>
    <property name="os.name" value="Linux"/>
    <property name="sun.boot.class.path" value="/home/pedrot/softwares/jdk1.6.0_17/jre/lib/resources.jar:/home/pedrot/softwares/jdk1.6.0_17/jre/lib/rt.jar:/home/pedrot/softwares/jdk1.6.0_17/jre/lib/sunrsasign.jar:/home/pedrot/softwares/jdk1.6.0_17/jre/lib/jsse.jar:/home/pedrot/softwares/jdk1.6.0_17/jre/lib/jce.jar:/home/pedrot/softwares/jdk1.6.0_17/jre/lib/charsets.jar:/home/pedrot/softwares/jdk1.6.0_17/jre/classes"/>
    <property name="env.PWD" value="/home/pedrot"/>
    <property name="env.XDG_SESSION_COOKIE" value="4962d35b48202c080db78fee4b1128e6-1280284967.163400-1733394120"/>
    <property name="sun.desktop" value="gnome"/>
    <property name="env.LANG" value="pt_BR.utf8"/>
    <property name="java.vm.specification.vendor" value="Sun Microsystems Inc."/>
    <property name="org.mortbay.http.HttpRequest.maxFormContentSize" value="0"/>
    <property name="java.runtime.version" value="1.6.0_17-b04"/>
    <property name="env.DEFAULTS_PATH" value="/usr/share/gconf/gnome.default.path"/>
    <property name="env.DISPLAY" value=":0.0"/>
    <property name="user.name" value="pedrot"/>
    <property name="env._" value="/home/pedrot/softwares/java/bin/java"/>
    <property name="env.USER" value="pedrot"/>
    <property name="env.SHELL" value="/bin/bash"/>
    <property name="env.DESKTOP_SESSION" value="gnome"/>
    <property name="env.XDG_DATA_DIRS" value="/usr/share/gnome:/usr/local/share/:/usr/share/"/>
    <property name="env.NLSPATH" value="/usr/dt/lib/nls/msg/%L/%N.cat"/>
    <property name="nb.show.statistics.ui" value="usageStatisticsEnabled"/>
    <property name="env.PATH" value="/usr/local/sbin:/usr/local/bin:/usr/sbin:/usr/bin:/sbin:/bin:/usr/games"/>
    <property name="user.language" value="en"/>
    <property name="sun.boot.library.path" value="/home/pedrot/softwares/jdk1.6.0_17/jre/lib/i386"/>
    <property name="java.version" value="1.6.0_17"/>
    <property name="user.timezone" value="America/Yellowknife"/>
    <property name="env.DBUS_SESSION_BUS_ADDRESS" value="unix:abstract=/tmp/dbus-BX4LJx7sVG,guid=e2ab4d562b70c410138dc7434c4f9927"/>
    <property name="sun.arch.data.model" value="32"/>
    <property name="http.nonProxyHosts" value="localhost|127.0.0.1|pedrot-ubuntu"/>
    <property name="java.endorsed.dirs" value="/home/pedrot/softwares/jdk1.6.0_17/jre/lib/endorsed"/>
    <property name="sun.cpu.isalist" value=""/>
    <property name="sun.jnu.encoding" value="UTF-8"/>
    <property name="file.encoding.pkg" value="sun.io"/>
    <property name="env.SHLVL" value="1"/>
    <property name="file.separator" value="/"/>
    <property name="java.specification.name" value="Java Platform API Specification"/>
    <property name="env.GNOME_DESKTOP_SESSION_ID" value="this-is-deprecated"/>
    <property name="java.class.version" value="50.0"/>
    <property name="env.GDMSESSION" value="gnome"/>
    <property name="env.GDM_KEYBOARD_LAYOUT" value="br"/>
    <property name="user.country" value="BR"/>
    <property name="env.GNOME_KEYRING_PID" value="1508"/>
    <property name="jna.boot.library.path" value="/home/pedrot/.netbeans/6.9/var/cache/jna"/>
    <property name="java.home" value="/home/pedrot/softwares/jdk1.6.0_17/jre"/>
    <property name="java.vm.info" value="mixed mode"/>
    <property name="env.LOGNAME" value="pedrot"/>
    <property name="os.version" value="2.6.32-24-generic"/>
    <property name="netbeans.system_http_proxy" value="DIRECT"/>
    <property name="https.nonProxyHosts" value="localhost|127.0.0.1|pedrot-ubuntu"/>
    <property name="path.separator" value=":"/>
    <property name="java.vm.version" value="14.3-b01"/>
    <property name="env.LANGUAGE" value="pt_BR:pt:en"/>
    <property name="java.awt.printerjob" value="sun.print.PSPrinterJob"/>
    <property name="sun.io.unicode.encoding" value="UnicodeLittle"/>
    <property name="useJavaUtilZip" value="true"/>
    <property name="env.GDM_LANG" value="pt_BR.utf8"/>
    <property name="user.home" value="/home/pedrot"/>
    <property name="java.specification.vendor" value="Sun Microsystems Inc."/>
    <property name="apple.laf.useScreenMenuBar" value="true"/>
    <property name="org.xml.sax.driver" value="com.sun.org.apache.xerces.internal.jaxp.SAXParserImpl$JAXPSAXParser"/>
    <property name="java.library.path" value="/home/pedrot/softwares/jdk1.6.0_17/jre/lib/i386/client:/home/pedrot/softwares/jdk1.6.0_17/jre/lib/i386:/home/pedrot/softwares/jdk1.6.0_17/jre/../lib/i386:/usr/java/packages/lib/i386:/lib:/usr/lib"/>
    <property name="java.vendor.url" value="http://java.sun.com/"/>
    <property name="java.vm.vendor" value="Sun Microsystems Inc."/>
    <property name="java.runtime.name" value="Java(TM) SE Runtime Environment"/>
    <property name="java.class.path" value="/home/pedrot/softwares/netbeans-6.9/platform/lib/boot.jar:/home/pedrot/softwares/netbeans-6.9/platform/lib/org-openide-modules.jar:/home/pedrot/softwares/netbeans-6.9/platform/lib/org-openide-util.jar:/home/pedrot/softwares/netbeans-6.9/platform/lib/org-openide-util-lookup.jar:/home/pedrot/softwares/netbeans-6.9/platform/lib/locale/boot_ja.jar:/home/pedrot/softwares/netbeans-6.9/platform/lib/locale/boot_pt_BR.jar:/home/pedrot/softwares/netbeans-6.9/platform/lib/locale/boot_zh_CN.jar:/home/pedrot/softwares/netbeans-6.9/platform/lib/locale/org-openide-modules_ja.jar:/home/pedrot/softwares/netbeans-6.9/platform/lib/locale/org-openide-modules_pt_BR.jar:/home/pedrot/softwares/netbeans-6.9/platform/lib/locale/org-openide-modules_zh_CN.jar:/home/pedrot/softwares/netbeans-6.9/platform/lib/locale/org-openide-util_ja.jar:/home/pedrot/softwares/netbeans-6.9/platform/lib/locale/org-openide-util-lookup_ja.jar:/home/pedrot/softwares/netbeans-6.9/platform/lib/locale/org-openide-util-lookup_pt_BR.jar:/home/pedrot/softwares/netbeans-6.9/platform/lib/locale/org-openide-util-lookup_zh_CN.jar:/home/pedrot/softwares/netbeans-6.9/platform/lib/locale/org-openide-util_pt_BR.jar:/home/pedrot/softwares/netbeans-6.9/platform/lib/locale/org-openide-util_zh_CN.jar:/home/pedrot/softwares/java/lib/dt.jar:/home/pedrot/softwares/java/lib/tools.jar"/>
    <property name="sun.java2d.noddraw" value="true"/>
    <property name="env.XFILESEARCHPATH" value="/usr/dt/app-defaults/%L/Dt"/>
    <property name="java.vm.specification.name" value="Java Virtual Machine Specification"/>
    <property name="jdk.home" value="/home/pedrot/softwares/java"/>
    <property name="org.openide.specification.version" value="6.2"/>
    <property name="java.vm.specification.version" value="1.0"/>
    <property name="sun.os.patch.level" value="unknown"/>
    <property name="sun.cpu.endian" value="little"/>
    <property name="env.HOME" value="/home/pedrot"/>
    <property name="surefire.test.class.path" value="/home/pedrot/workspace/smartproject/target/test-classes:/home/pedrot/workspace/smartproject/target/classes:/home/pedrot/.m2/repository/junit/junit/3.8.1/junit-3.8.1.jar:"/>
    <property name="java.io.tmpdir" value="/tmp"/>
    <property name="env.LD_LIBRARY_PATH" value="/home/pedrot/softwares/jdk1.6.0_17/jre/lib/i386/client:/home/pedrot/softwares/jdk1.6.0_17/jre/lib/i386:/home/pedrot/softwares/jdk1.6.0_17/jre/../lib/i386"/>
    <property name="java.vendor.url.bug" value="http://java.sun.com/cgi-bin/bugreport.cgi"/>
    <property name="env.SSH_AUTH_SOCK" value="/tmp/keyring-lLv2gc/ssh"/>
    <property name="jna.platform.library.path" value="/usr/lib32:/usr/lib:/lib"/>
    <property name="java.awt.graphicsenv" value="sun.awt.X11GraphicsEnvironment"/>
    <property name="os.arch" value="i386"/>
    <property name="java.ext.dirs" value="/home/pedrot/softwares/jdk1.6.0_17/jre/lib/ext:/usr/java/packages/lib/ext"/>
    <property name="user.dir" value="/home/pedrot/workspace/smartproject"/>
    <property name="env.XAUTHORITY" value="/var/run/gdm/auth-for-pedrot-AeGmof/database"/>
    <property name="env.MANDATORY_PATH" value="/usr/share/gconf/gnome.mandatory.path"/>
    <property name="env.SPEECHD_PORT" value="7560"/>
    <property name="env.J2D_PIXMAPS" value="shared"/>
    <property name="env.GTK_MODULES" value="canberra-gtk-module"/>
    <property name="line.separator" value="
"/>
    <property name="java.vm.name" value="Java HotSpot(TM) Client VM"/>
    <property name="basedir" value="/home/pedrot/workspace/smartproject"/>
    <property name="maven.mode.standalone" value="true"/>
    <property name="env.ORBIT_SOCKETDIR" value="/tmp/orbit-pedrot"/>
    <property name="env.USERNAME" value="pedrot"/>
    <property name="file.encoding" value="UTF-8"/>
    <property name="user.region" value="US"/>
    <property name="netbeans.execution" value="true"/>
    <property name="netbeans.system_http_non_proxy_hosts" value=""/>
    <property name="env.GPG_AGENT_INFO" value="/tmp/seahorse-Dhi81g/S.gpg-agent:1570:1"/>
    <property name="java.specification.version" value="1.6"/>
    <property name="env.GNOME_KEYRING_CONTROL" value="/tmp/keyring-lLv2gc"/>
    <property name="env.XDG_CONFIG_DIRS" value="/etc/xdg/xdg-gnome:/etc/xdg"/>
  </properties>
  <testcase time="0.004" classname="br.nom.pedro.oliveira.smartproject.AppTest" name="testApp"/>
</testsuite>